<?xml version="1.0" encoding="UTF-8"?>
<!-- Generated by org.testng.reporters.JUnitReportReporter -->
<testsuite hostname="LAPTOP-B5SKJ6A5" failures="0" tests="1" name="Testpkg.Testclass" time="52.645" errors="0" timestamp="2024-12-13T15:54:04 IST" skipped="0">
  <testcase classname="Testpkg.Testclass" name="verifylogin" time="52.645"/>
  <system-out/>
</testsuite> <!-- Testpkg.Testclass -->
